<?xml version="1.0" encoding="UTF-8"?>
<!-- Generated by org.testng.reporters.JUnitXMLReporter -->
<testsuite hostname="pranga-0000039.attlocal.net" name="Test" tests="12" failures="1" timestamp="14 Mar 2017 05:48:01 GMT" time="292.675" errors="0">
  <testcase name="loginAsAdmin" time="19.592" classname="com.pluribus.vcf.test.InitialSetup"/>
  <testcase name="loginAsTest123" time="2.734" classname="com.pluribus.vcf.test.InitialSetup"/>
  <testcase name="activateLicense" time="18.968" classname="com.pluribus.vcf.test.InitialSetup"/>
  <testcase name="vcfsettingsPagenavigations" time="14.423" classname="com.pluribus.vcf.test.InitialSetup"/>
  <testcase name="addSeedSwitch" time="8.691" classname="com.pluribus.vcf.test.InitialSetup"/>
  <testcase name="authSeedSwitch" time="5.551" classname="com.pluribus.vcf.test.InitialSetup"/>
  <testcase name="addDataNode" time="0.001" classname="com.pluribus.vcf.test.InitialSetup"/>
  <testcase name="logout" time="1.429" classname="com.pluribus.vcf.test.InitialSetup"/>
  <testcase name="logintoIA" time="4.756" classname="com.pluribus.vcf.test.IATest"/>
  <testcase name="addCollectorTest" time="0.831" classname="com.pluribus.vcf.test.IATest"/>
  <testcase name="simpleTrafficTest" time="143.86" classname="com.pluribus.vcf.test.IATest">
    <failure type="org.openqa.selenium.TimeoutException" message="Timed out after 100 seconds waiting for visibility of [[RemoteWebDriver: firefox on WINDOWS (6d761361a0cdfb4cf0edd58069891e85b54c8022)] -&amp;gt; css selector: div.metric-value.ng-binding]
Build info: version: &amp;apos;2.45.0&amp;apos;, revision: &amp;apos;5017cb8e7ca8e37638dc3091b2440b90a1d8686f&amp;apos;, time: &amp;apos;2015-02-27 09:10:26&amp;apos;
System info: host: &amp;apos;pranga-0000039.attlocal.net&amp;apos;, ip: &amp;apos;192.168.1.207&amp;apos;, os.name: &amp;apos;Mac OS X&amp;apos;, os.arch: &amp;apos;x86_64&amp;apos;, os.version: &amp;apos;10.12.3&amp;apos;, java.version: &amp;apos;1.8.0_121&amp;apos;
Driver info: org.openqa.selenium.remote.RemoteWebDriver
Capabilities [{applicationCacheEnabled=false, rotatable=false, handlesAlerts=true, databaseEnabled=true, version=47.0.1, platform=WINDOWS, nativeEvents=false, acceptSslCerts=true, webdriver.remote.sessionid=6d761361a0cdfb4cf0edd58069891e85b54c8022, webStorageEnabled=true, locationContextEnabled=true, browserName=firefox, takesScreenshot=true, javascriptEnabled=true, cssSelectorsEnabled=true}]
Session ID: 6d761361a0cdfb4cf0edd58069891e85b54c8022">
      <![CDATA[org.openqa.selenium.TimeoutException: Timed out after 100 seconds waiting for visibility of [[RemoteWebDriver: firefox on WINDOWS (6d761361a0cdfb4cf0edd58069891e85b54c8022)] -> css selector: div.metric-value.ng-binding]
Build info: version: '2.45.0', revision: '5017cb8e7ca8e37638dc3091b2440b90a1d8686f', time: '2015-02-27 09:10:26'
System info: host: 'pranga-0000039.attlocal.net', ip: '192.168.1.207', os.name: 'Mac OS X', os.arch: 'x86_64', os.version: '10.12.3', java.version: '1.8.0_121'
Driver info: org.openqa.selenium.remote.RemoteWebDriver
Capabilities [{applicationCacheEnabled=false, rotatable=false, handlesAlerts=true, databaseEnabled=true, version=47.0.1, platform=WINDOWS, nativeEvents=false, acceptSslCerts=true, webdriver.remote.sessionid=6d761361a0cdfb4cf0edd58069891e85b54c8022, webStorageEnabled=true, locationContextEnabled=true, browserName=firefox, takesScreenshot=true, javascriptEnabled=true, cssSelectorsEnabled=true}]
Session ID: 6d761361a0cdfb4cf0edd58069891e85b54c8022
	at org.openqa.selenium.support.ui.WebDriverWait.timeoutException(WebDriverWait.java:79)
	at org.openqa.selenium.support.ui.FluentWait.until(FluentWait.java:228)
	at com.pluribus.vcf.helper.PageInfra.waitForElementVisibility(PageInfra.java:92)
	at com.pluribus.vcf.pagefactory.VCFIaIndexPage.getInsightCount(VCFIaIndexPage.java:94)
	at com.pluribus.vcf.pagefactory.VCFIaIndexPage.getConnectionCount(VCFIaIndexPage.java:101)
	at com.pluribus.vcf.test.IATest.verifyVCFCount(IATest.java:102)
	at com.pluribus.vcf.test.IATest.simpleTrafficTest(IATest.java:70)
	at org.apache.maven.surefire.testng.TestNGExecutor.run(TestNGExecutor.java:295)
	at org.apache.maven.surefire.testng.TestNGXmlTestSuite.execute(TestNGXmlTestSuite.java:84)
	at org.apache.maven.surefire.testng.TestNGProvider.invoke(TestNGProvider.java:90)
	at org.apache.maven.surefire.booter.ForkedBooter.invokeProviderInSameClassLoader(ForkedBooter.java:203)
	at org.apache.maven.surefire.booter.ForkedBooter.runSuitesInProcess(ForkedBooter.java:155)
	at org.apache.maven.surefire.booter.ForkedBooter.main(ForkedBooter.java:103)
... Removed 21 stack frames]]>
    </failure>
  </testcase> <!-- simpleTrafficTest -->
  <testcase name="logout" time="0.0" classname="com.pluribus.vcf.test.IATest">
    <skipped/>
  </testcase> <!-- logout -->
</testsuite> <!-- Test -->
