<html>
<head>
<title>TestNG:  Test</title>
<link href="../testng.css" rel="stylesheet" type="text/css" />
<link href="../my-testng.css" rel="stylesheet" type="text/css" />

<style type="text/css">
.log { display: none;} 
.stack-trace { display: none;} 
</style>
<script type="text/javascript">
<!--
function flip(e) {
  current = e.style.display;
  if (current == 'block') {
    e.style.display = 'none';
    return 0;
  }
  else {
    e.style.display = 'block';
    return 1;
  }
}

function toggleBox(szDivId, elem, msg1, msg2)
{
  var res = -1;  if (document.getElementById) {
    res = flip(document.getElementById(szDivId));
  }
  else if (document.all) {
    // this is the way old msie versions work
    res = flip(document.all[szDivId]);
  }
  if(elem) {
    if(res == 0) elem.innerHTML = msg1; else elem.innerHTML = msg2;
  }

}

function toggleAllBoxes() {
  if (document.getElementsByTagName) {
    d = document.getElementsByTagName('div');
    for (i = 0; i < d.length; i++) {
      if (d[i].className == 'log') {
        flip(d[i]);
      }
    }
  }
}

// -->
</script>

</head>
<body>
<h2 align='center'>Test</h2><table border='1' align="center">
<tr>
<td>Tests passed/Failed/Skipped:</td><td>10/1/1</td>
</tr><tr>
<td>Started on:</td><td>Mon Mar 13 22:43:09 PDT 2017</td>
</tr>
<tr><td>Total time:</td><td>292 seconds (292675 ms)</td>
</tr><tr>
<td>Included groups:</td><td>smoke </td>
</tr><tr>
<td>Excluded groups:</td><td></td>
</tr>
</table><p/>
<small><i>(Hover the method name to see the test class name)</i></small><p/>
<table width='100%' border='1' class='invocation-failed'>
<tr><td colspan='4' align='center'><b>FAILED TESTS</b></td></tr>
<tr><td><b>Test method</b></td>
<td width="30%"><b>Exception</b></td>
<td width="10%"><b>Time (seconds)</b></td>
<td><b>Instance</b></td>
</tr>
<tr>
<td title='com.pluribus.vcf.test.IATest.simpleTrafficTest()'><b>simpleTrafficTest</b><br>Test class: com.pluribus.vcf.test.IATest<br>Test method: Send traffic and verify stats<br>Parameters: 4.4.4.97, 4.4.4.129, 10, 20</td>
<td><div><pre>org.openqa.selenium.TimeoutException: Timed out after 100 seconds waiting for visibility of [[RemoteWebDriver: firefox on WINDOWS (6d761361a0cdfb4cf0edd58069891e85b54c8022)] -&gt; css selector: div.metric-value.ng-binding]
Build info: version: &apos;2.45.0&apos;, revision: &apos;5017cb8e7ca8e37638dc3091b2440b90a1d8686f&apos;, time: &apos;2015-02-27 09:10:26&apos;
System info: host: &apos;pranga-0000039.attlocal.net&apos;, ip: &apos;192.168.1.207&apos;, os.name: &apos;Mac OS X&apos;, os.arch: &apos;x86_64&apos;, os.version: &apos;10.12.3&apos;, java.version: &apos;1.8.0_121&apos;
Driver info: org.openqa.selenium.remote.RemoteWebDriver
Capabilities [{applicationCacheEnabled=false, rotatable=false, handlesAlerts=true, databaseEnabled=true, version=47.0.1, platform=WINDOWS, nativeEvents=false, acceptSslCerts=true, webdriver.remote.sessionid=6d761361a0cdfb4cf0edd58069891e85b54c8022, webStorageEnabled=true, locationContextEnabled=true, browserName=firefox, takesScreenshot=true, javascriptEnabled=true, cssSelectorsEnabled=true}]
Session ID: 6d761361a0cdfb4cf0edd58069891e85b54c8022
	at org.openqa.selenium.support.ui.WebDriverWait.timeoutException(WebDriverWait.java:79)
	at org.openqa.selenium.support.ui.FluentWait.until(FluentWait.java:228)
	at com.pluribus.vcf.helper.PageInfra.waitForElementVisibility(PageInfra.java:92)
	at com.pluribus.vcf.pagefactory.VCFIaIndexPage.getInsightCount(VCFIaIndexPage.java:94)
	at com.pluribus.vcf.pagefactory.VCFIaIndexPage.getConnectionCount(VCFIaIndexPage.java:101)
	at com.pluribus.vcf.test.IATest.verifyVCFCount(IATest.java:102)
	at com.pluribus.vcf.test.IATest.simpleTrafficTest(IATest.java:70)
	at org.apache.maven.surefire.testng.TestNGExecutor.run(TestNGExecutor.java:295)
	at org.apache.maven.surefire.testng.TestNGXmlTestSuite.execute(TestNGXmlTestSuite.java:84)
	at org.apache.maven.surefire.testng.TestNGProvider.invoke(TestNGProvider.java:90)
	at org.apache.maven.surefire.booter.ForkedBooter.invokeProviderInSameClassLoader(ForkedBooter.java:203)
	at org.apache.maven.surefire.booter.ForkedBooter.runSuitesInProcess(ForkedBooter.java:155)
	at org.apache.maven.surefire.booter.ForkedBooter.main(ForkedBooter.java:103)
... Removed 21 stack frames</pre></div><a href='#' onClick='toggleBox("stack-trace1613627715", this, "Click to show all stack frames", "Click to hide stack frames")'>Click to show all stack frames</a>
<div class='stack-trace' id='stack-trace1613627715'><pre>org.openqa.selenium.TimeoutException: Timed out after 100 seconds waiting for visibility of [[RemoteWebDriver: firefox on WINDOWS (6d761361a0cdfb4cf0edd58069891e85b54c8022)] -&gt; css selector: div.metric-value.ng-binding]
Build info: version: &apos;2.45.0&apos;, revision: &apos;5017cb8e7ca8e37638dc3091b2440b90a1d8686f&apos;, time: &apos;2015-02-27 09:10:26&apos;
System info: host: &apos;pranga-0000039.attlocal.net&apos;, ip: &apos;192.168.1.207&apos;, os.name: &apos;Mac OS X&apos;, os.arch: &apos;x86_64&apos;, os.version: &apos;10.12.3&apos;, java.version: &apos;1.8.0_121&apos;
Driver info: org.openqa.selenium.remote.RemoteWebDriver
Capabilities [{applicationCacheEnabled=false, rotatable=false, handlesAlerts=true, databaseEnabled=true, version=47.0.1, platform=WINDOWS, nativeEvents=false, acceptSslCerts=true, webdriver.remote.sessionid=6d761361a0cdfb4cf0edd58069891e85b54c8022, webStorageEnabled=true, locationContextEnabled=true, browserName=firefox, takesScreenshot=true, javascriptEnabled=true, cssSelectorsEnabled=true}]
Session ID: 6d761361a0cdfb4cf0edd58069891e85b54c8022
	at org.openqa.selenium.support.ui.WebDriverWait.timeoutException(WebDriverWait.java:79)
	at org.openqa.selenium.support.ui.FluentWait.until(FluentWait.java:228)
	at com.pluribus.vcf.helper.PageInfra.waitForElementVisibility(PageInfra.java:92)
	at com.pluribus.vcf.pagefactory.VCFIaIndexPage.getInsightCount(VCFIaIndexPage.java:94)
	at com.pluribus.vcf.pagefactory.VCFIaIndexPage.getConnectionCount(VCFIaIndexPage.java:101)
	at com.pluribus.vcf.test.IATest.verifyVCFCount(IATest.java:102)
	at com.pluribus.vcf.test.IATest.simpleTrafficTest(IATest.java:70)
	at sun.reflect.NativeMethodAccessorImpl.invoke0(Native Method)
	at sun.reflect.NativeMethodAccessorImpl.invoke(NativeMethodAccessorImpl.java:62)
	at sun.reflect.DelegatingMethodAccessorImpl.invoke(DelegatingMethodAccessorImpl.java:43)
	at java.lang.reflect.Method.invoke(Method.java:498)
	at org.testng.internal.MethodInvocationHelper.invokeMethod(MethodInvocationHelper.java:80)
	at org.testng.internal.Invoker.invokeMethod(Invoker.java:714)
	at org.testng.internal.Invoker.invokeTestMethod(Invoker.java:901)
	at org.testng.internal.Invoker.invokeTestMethods(Invoker.java:1231)
	at org.testng.internal.TestMethodWorker.invokeTestMethods(TestMethodWorker.java:127)
	at org.testng.internal.TestMethodWorker.run(TestMethodWorker.java:111)
	at org.testng.TestRunner.privateRun(TestRunner.java:767)
	at org.testng.TestRunner.run(TestRunner.java:617)
	at org.testng.SuiteRunner.runTest(SuiteRunner.java:334)
	at org.testng.SuiteRunner.runSequentially(SuiteRunner.java:329)
	at org.testng.SuiteRunner.privateRun(SuiteRunner.java:291)
	at org.testng.SuiteRunner.run(SuiteRunner.java:240)
	at org.testng.SuiteRunnerWorker.runSuite(SuiteRunnerWorker.java:52)
	at org.testng.SuiteRunnerWorker.run(SuiteRunnerWorker.java:86)
	at org.testng.TestNG.runSuitesSequentially(TestNG.java:1198)
	at org.testng.TestNG.runSuitesLocally(TestNG.java:1123)
	at org.testng.TestNG.run(TestNG.java:1031)
	at org.apache.maven.surefire.testng.TestNGExecutor.run(TestNGExecutor.java:295)
	at org.apache.maven.surefire.testng.TestNGXmlTestSuite.execute(TestNGXmlTestSuite.java:84)
	at org.apache.maven.surefire.testng.TestNGProvider.invoke(TestNGProvider.java:90)
	at org.apache.maven.surefire.booter.ForkedBooter.invokeProviderInSameClassLoader(ForkedBooter.java:203)
	at org.apache.maven.surefire.booter.ForkedBooter.runSuitesInProcess(ForkedBooter.java:155)
	at org.apache.maven.surefire.booter.ForkedBooter.main(ForkedBooter.java:103)
</pre></div></td>
<td>143</td>
<td>com.pluribus.vcf.test.IATest@28feb3fa</td></tr>
</table><p>
<table width='100%' border='1' class='invocation-passed'>
<tr><td colspan='4' align='center'><b>PASSED TESTS</b></td></tr>
<tr><td><b>Test method</b></td>
<td width="30%"><b>Exception</b></td>
<td width="10%"><b>Time (seconds)</b></td>
<td><b>Instance</b></td>
</tr>
<tr>
<td title='com.pluribus.vcf.test.InitialSetup.activateLicense()'><b>activateLicense</b><br>Test class: com.pluribus.vcf.test.InitialSetup<br>Test method: Add data node & verify</td>
<td></td>
<td>18</td>
<td>com.pluribus.vcf.test.InitialSetup@735b5592</td></tr>
<tr>
<td title='com.pluribus.vcf.test.IATest.addCollectorTest()'><b>addCollectorTest</b><br>Test class: com.pluribus.vcf.test.IATest<br>Test method: Add collector in IA Page<br>Parameters: onvl-vcf1</td>
<td></td>
<td>0</td>
<td>com.pluribus.vcf.test.IATest@28feb3fa</td></tr>
<tr>
<td title='com.pluribus.vcf.test.InitialSetup.addDataNode()'><b>addDataNode</b><br>Test class: com.pluribus.vcf.test.InitialSetup<br>Test method: Add data node & verify<br>Parameters: </td>
<td></td>
<td>0</td>
<td>com.pluribus.vcf.test.InitialSetup@735b5592</td></tr>
<tr>
<td title='com.pluribus.vcf.test.InitialSetup.addSeedSwitch()'><b>addSeedSwitch</b><br>Test class: com.pluribus.vcf.test.InitialSetup<br>Test method: Add Seed Switch & verify<br>Parameters: onvl-vcf1, 10.9.97.152</td>
<td></td>
<td>8</td>
<td>com.pluribus.vcf.test.InitialSetup@735b5592</td></tr>
<tr>
<td title='com.pluribus.vcf.test.InitialSetup.authSeedSwitch()'><b>authSeedSwitch</b><br>Test class: com.pluribus.vcf.test.InitialSetup<br>Test method: Authorize seed switches</td>
<td></td>
<td>5</td>
<td>com.pluribus.vcf.test.InitialSetup@735b5592</td></tr>
<tr>
<td title='com.pluribus.vcf.test.InitialSetup.loginAsAdmin()'><b>loginAsAdmin</b><br>Test class: com.pluribus.vcf.test.InitialSetup<br>Test method: Login to VCF as admin  and Change Password<br>Parameters: test123</td>
<td></td>
<td>19</td>
<td>com.pluribus.vcf.test.InitialSetup@735b5592</td></tr>
<tr>
<td title='com.pluribus.vcf.test.InitialSetup.loginAsTest123()'><b>loginAsTest123</b><br>Test class: com.pluribus.vcf.test.InitialSetup<br>Test method: Login to VCF as test123 After Password Change<br>Parameters: test123</td>
<td></td>
<td>2</td>
<td>com.pluribus.vcf.test.InitialSetup@735b5592</td></tr>
<tr>
<td title='com.pluribus.vcf.test.IATest.logintoIA()'><b>logintoIA</b><br>Test class: com.pluribus.vcf.test.IATest<br>Parameters: test123</td>
<td></td>
<td>4</td>
<td>com.pluribus.vcf.test.IATest@28feb3fa</td></tr>
<tr>
<td title='com.pluribus.vcf.test.InitialSetup.logout()'><b>logout</b><br>Test class: com.pluribus.vcf.test.InitialSetup<br>Test method: Logout of VCFC</td>
<td></td>
<td>1</td>
<td>com.pluribus.vcf.test.InitialSetup@735b5592</td></tr>
<tr>
<td title='com.pluribus.vcf.test.InitialSetup.vcfsettingsPagenavigations()'><b>vcfsettingsPagenavigations</b><br>Test class: com.pluribus.vcf.test.InitialSetup<br>Test method: Navigate all pages in VCF settings page</td>
<td></td>
<td>14</td>
<td>com.pluribus.vcf.test.InitialSetup@735b5592</td></tr>
</table><p>
<table width='100%' border='1' class='invocation-skipped'>
<tr><td colspan='4' align='center'><b>SKIPPED TESTS</b></td></tr>
<tr><td><b>Test method</b></td>
<td width="30%"><b>Exception</b></td>
<td width="10%"><b>Time (seconds)</b></td>
<td><b>Instance</b></td>
</tr>
<tr>
<td title='com.pluribus.vcf.test.IATest.logout()'><b>logout</b><br>Test class: com.pluribus.vcf.test.IATest<br>Test method: Logout of VCFC</td>
<td></td>
<td>0</td>
<td>null</td></tr>
</table><p>
</body>
</html>