<?xml version="1.0" encoding="UTF-8"?>
<testng-results skipped="12" failed="0" total="12" passed="0">
  <reporter-output>
  </reporter-output>
  <suite name="Suite" duration-ms="31" started-at="2017-03-11T06:06:19Z" finished-at="2017-03-11T06:06:19Z">
    <groups>
      <group name="regression">
        <method signature="IATest.addCollectorTest(java.lang.String)[pri:0, instance:com.pluribus.vcf.test.IATest@28feb3fa]" name="addCollectorTest" class="com.pluribus.vcf.test.IATest"/>
        <method signature="IATest.simpleTrafficTest(java.lang.String, java.lang.String, int, int)[pri:0, instance:com.pluribus.vcf.test.IATest@28feb3fa]" name="simpleTrafficTest" class="com.pluribus.vcf.test.IATest"/>
        <method signature="IATest.logout()[pri:0, instance:com.pluribus.vcf.test.IATest@28feb3fa]" name="logout" class="com.pluribus.vcf.test.IATest"/>
        <method signature="InitialSetup.loginAsAdmin(java.lang.String)[pri:0, instance:com.pluribus.vcf.test.InitialSetup@735b5592]" name="loginAsAdmin" class="com.pluribus.vcf.test.InitialSetup"/>
        <method signature="InitialSetup.loginAsTest123(java.lang.String)[pri:0, instance:com.pluribus.vcf.test.InitialSetup@735b5592]" name="loginAsTest123" class="com.pluribus.vcf.test.InitialSetup"/>
        <method signature="InitialSetup.activateLicense()[pri:0, instance:com.pluribus.vcf.test.InitialSetup@735b5592]" name="activateLicense" class="com.pluribus.vcf.test.InitialSetup"/>
        <method signature="InitialSetup.vcfsettingsPagenavigations()[pri:0, instance:com.pluribus.vcf.test.InitialSetup@735b5592]" name="vcfsettingsPagenavigations" class="com.pluribus.vcf.test.InitialSetup"/>
        <method signature="InitialSetup.addSeedSwitch(java.lang.String, java.lang.String)[pri:0, instance:com.pluribus.vcf.test.InitialSetup@735b5592]" name="addSeedSwitch" class="com.pluribus.vcf.test.InitialSetup"/>
        <method signature="InitialSetup.authSeedSwitch()[pri:0, instance:com.pluribus.vcf.test.InitialSetup@735b5592]" name="authSeedSwitch" class="com.pluribus.vcf.test.InitialSetup"/>
        <method signature="InitialSetup.addDataNode(java.lang.String)[pri:0, instance:com.pluribus.vcf.test.InitialSetup@735b5592]" name="addDataNode" class="com.pluribus.vcf.test.InitialSetup"/>
        <method signature="InitialSetup.clickOnHome()[pri:0, instance:com.pluribus.vcf.test.InitialSetup@735b5592]" name="clickOnHome" class="com.pluribus.vcf.test.InitialSetup"/>
      </group> <!-- regression -->
      <group name="smoke">
        <method signature="IATest.addCollectorTest(java.lang.String)[pri:0, instance:com.pluribus.vcf.test.IATest@28feb3fa]" name="addCollectorTest" class="com.pluribus.vcf.test.IATest"/>
        <method signature="IATest.simpleTrafficTest(java.lang.String, java.lang.String, int, int)[pri:0, instance:com.pluribus.vcf.test.IATest@28feb3fa]" name="simpleTrafficTest" class="com.pluribus.vcf.test.IATest"/>
        <method signature="IATest.logout()[pri:0, instance:com.pluribus.vcf.test.IATest@28feb3fa]" name="logout" class="com.pluribus.vcf.test.IATest"/>
        <method signature="InitialSetup.loginAsAdmin(java.lang.String)[pri:0, instance:com.pluribus.vcf.test.InitialSetup@735b5592]" name="loginAsAdmin" class="com.pluribus.vcf.test.InitialSetup"/>
        <method signature="InitialSetup.loginAsTest123(java.lang.String)[pri:0, instance:com.pluribus.vcf.test.InitialSetup@735b5592]" name="loginAsTest123" class="com.pluribus.vcf.test.InitialSetup"/>
        <method signature="InitialSetup.activateLicense()[pri:0, instance:com.pluribus.vcf.test.InitialSetup@735b5592]" name="activateLicense" class="com.pluribus.vcf.test.InitialSetup"/>
        <method signature="InitialSetup.vcfsettingsPagenavigations()[pri:0, instance:com.pluribus.vcf.test.InitialSetup@735b5592]" name="vcfsettingsPagenavigations" class="com.pluribus.vcf.test.InitialSetup"/>
        <method signature="InitialSetup.addSeedSwitch(java.lang.String, java.lang.String)[pri:0, instance:com.pluribus.vcf.test.InitialSetup@735b5592]" name="addSeedSwitch" class="com.pluribus.vcf.test.InitialSetup"/>
        <method signature="InitialSetup.authSeedSwitch()[pri:0, instance:com.pluribus.vcf.test.InitialSetup@735b5592]" name="authSeedSwitch" class="com.pluribus.vcf.test.InitialSetup"/>
        <method signature="InitialSetup.addDataNode(java.lang.String)[pri:0, instance:com.pluribus.vcf.test.InitialSetup@735b5592]" name="addDataNode" class="com.pluribus.vcf.test.InitialSetup"/>
        <method signature="InitialSetup.clickOnHome()[pri:0, instance:com.pluribus.vcf.test.InitialSetup@735b5592]" name="clickOnHome" class="com.pluribus.vcf.test.InitialSetup"/>
      </group> <!-- smoke -->
    </groups>
    <test name="Test" duration-ms="31" started-at="2017-03-11T06:06:19Z" finished-at="2017-03-11T06:06:19Z">
      <class name="com.pluribus.vcf.test.InitialSetup">
        <test-method status="FAIL" signature="cleanLogs(java.lang.String, java.lang.String)[pri:0, instance:com.pluribus.vcf.test.InitialSetup@735b5592]" name="cleanLogs" is-config="true" duration-ms="0" started-at="2017-03-10T22:06:09Z" finished-at="2017-03-10T22:06:09Z">
          <params>
            <param index="0">
              <value>
                <![CDATA[10.9.10.110]]>
              </value>
            </param>
            <param index="1">
              <value>
                <![CDATA[1]]>
              </value>
            </param>
          </params>
          <exception class="java.io.IOException">
            <message>
              <![CDATA[com.jcraft.jsch.JSchException: timeout: socket is not established]]>
            </message>
            <full-stacktrace>
              <![CDATA[java.io.IOException: com.jcraft.jsch.JSchException: timeout: socket is not established
	at com.jcabi.ssh.SSHByPassword.session(SSHByPassword.java:107)
	at com.jcabi.ssh.AbstractSSHShell.exec(AbstractSSHShell.java:98)
	at com.jcabi.ssh.SSHByPassword.exec(SSHByPassword.java:51)
	at com.jcabi.ssh.Shell$Verbose.exec(Shell.java:203)
	at com.jcabi.ssh.Shell$Plain.exec(Shell.java:172)
	at com.pluribus.vcf.helper.TestSetup.cleanLogs(TestSetup.java:55)
	at sun.reflect.NativeMethodAccessorImpl.invoke0(Native Method)
	at sun.reflect.NativeMethodAccessorImpl.invoke(NativeMethodAccessorImpl.java:62)
	at sun.reflect.DelegatingMethodAccessorImpl.invoke(DelegatingMethodAccessorImpl.java:43)
	at java.lang.reflect.Method.invoke(Method.java:498)
	at org.testng.internal.MethodInvocationHelper.invokeMethod(MethodInvocationHelper.java:80)
	at org.testng.internal.Invoker.invokeConfigurationMethod(Invoker.java:564)
	at org.testng.internal.Invoker.invokeConfigurations(Invoker.java:213)
	at org.testng.internal.Invoker.invokeConfigurations(Invoker.java:138)
	at org.testng.SuiteRunner.privateRun(SuiteRunner.java:277)
	at org.testng.SuiteRunner.run(SuiteRunner.java:240)
	at org.testng.SuiteRunnerWorker.runSuite(SuiteRunnerWorker.java:52)
	at org.testng.SuiteRunnerWorker.run(SuiteRunnerWorker.java:86)
	at org.testng.TestNG.runSuitesSequentially(TestNG.java:1198)
	at org.testng.TestNG.runSuitesLocally(TestNG.java:1123)
	at org.testng.TestNG.run(TestNG.java:1031)
	at org.apache.maven.surefire.testng.TestNGExecutor.run(TestNGExecutor.java:295)
	at org.apache.maven.surefire.testng.TestNGXmlTestSuite.execute(TestNGXmlTestSuite.java:84)
	at org.apache.maven.surefire.testng.TestNGProvider.invoke(TestNGProvider.java:90)
	at org.apache.maven.surefire.booter.ForkedBooter.invokeProviderInSameClassLoader(ForkedBooter.java:203)
	at org.apache.maven.surefire.booter.ForkedBooter.runSuitesInProcess(ForkedBooter.java:155)
	at org.apache.maven.surefire.booter.ForkedBooter.main(ForkedBooter.java:103)
Caused by: com.jcraft.jsch.JSchException: timeout: socket is not established
	at com.jcraft.jsch.Util.createSocket(Util.java:394)
	at com.jcraft.jsch.Session.connect(Session.java:215)
	at com.jcraft.jsch.Session.connect(Session.java:183)
	at com.jcabi.ssh.SSHByPassword.session(SSHByPassword.java:104)
	... 26 more
]]>
            </full-stacktrace>
          </exception> <!-- java.io.IOException -->
          <reporter-output>
          </reporter-output>
        </test-method> <!-- cleanLogs -->
        <test-method status="SKIP" signature="startDriver(java.lang.String, java.lang.String, java.lang.String, java.lang.String)[pri:0, instance:com.pluribus.vcf.test.InitialSetup@735b5592]" name="startDriver" is-config="true" duration-ms="0" started-at="2017-03-10T22:06:19Z" finished-at="2017-03-10T22:06:19Z">
          <reporter-output>
          </reporter-output>
        </test-method> <!-- startDriver -->
        <test-method status="SKIP" signature="init()[pri:0, instance:com.pluribus.vcf.test.InitialSetup@735b5592]" name="init" is-config="true" duration-ms="0" started-at="2017-03-10T22:06:19Z" finished-at="2017-03-10T22:06:19Z">
          <reporter-output>
          </reporter-output>
        </test-method> <!-- init -->
        <test-method status="SKIP" signature="loginAsAdmin(java.lang.String)[pri:0, instance:com.pluribus.vcf.test.InitialSetup@735b5592]" name="loginAsAdmin" duration-ms="1" started-at="2017-03-10T22:06:19Z" description="Login to VCF as admin  and Change Password" finished-at="2017-03-10T22:06:19Z">
          <params>
            <param index="0">
              <value>
                <![CDATA[test123]]>
              </value>
            </param>
          </params>
          <reporter-output>
          </reporter-output>
        </test-method> <!-- loginAsAdmin -->
        <test-method status="SKIP" signature="loginAsTest123(java.lang.String)[pri:0, instance:com.pluribus.vcf.test.InitialSetup@735b5592]" name="loginAsTest123" duration-ms="0" started-at="2017-03-10T22:06:19Z" description="Login to VCF as test123 After Password Change" depends-on-methods="com.pluribus.vcf.test.InitialSetup.loginAsAdmin" finished-at="2017-03-10T22:06:19Z">
          <reporter-output>
          </reporter-output>
        </test-method> <!-- loginAsTest123 -->
        <test-method status="SKIP" signature="vcfsettingsPagenavigations()[pri:0, instance:com.pluribus.vcf.test.InitialSetup@735b5592]" name="vcfsettingsPagenavigations" duration-ms="0" started-at="2017-03-10T22:06:19Z" description="Navigate all pages in VCF settings page" depends-on-methods="com.pluribus.vcf.test.InitialSetup.loginAsTest123" finished-at="2017-03-10T22:06:19Z">
          <reporter-output>
          </reporter-output>
        </test-method> <!-- vcfsettingsPagenavigations -->
        <test-method status="SKIP" signature="addSeedSwitch(java.lang.String, java.lang.String)[pri:0, instance:com.pluribus.vcf.test.InitialSetup@735b5592]" name="addSeedSwitch" duration-ms="0" started-at="2017-03-10T22:06:19Z" description="Add Seed Switch &amp; verify" depends-on-methods="com.pluribus.vcf.test.InitialSetup.vcfsettingsPagenavigations" finished-at="2017-03-10T22:06:19Z">
          <reporter-output>
          </reporter-output>
        </test-method> <!-- addSeedSwitch -->
        <test-method status="SKIP" signature="authSeedSwitch()[pri:0, instance:com.pluribus.vcf.test.InitialSetup@735b5592]" name="authSeedSwitch" duration-ms="0" started-at="2017-03-10T22:06:19Z" description="Authorize seed switches" depends-on-methods="com.pluribus.vcf.test.InitialSetup.addSeedSwitch" finished-at="2017-03-10T22:06:19Z">
          <reporter-output>
          </reporter-output>
        </test-method> <!-- authSeedSwitch -->
        <test-method status="SKIP" signature="activateLicense()[pri:0, instance:com.pluribus.vcf.test.InitialSetup@735b5592]" name="activateLicense" duration-ms="0" started-at="2017-03-10T22:06:19Z" description="Add data node &amp; verify" depends-on-methods="com.pluribus.vcf.test.InitialSetup.loginAsTest123" finished-at="2017-03-10T22:06:19Z">
          <reporter-output>
          </reporter-output>
        </test-method> <!-- activateLicense -->
        <test-method status="FAIL" signature="setupAfterSuite()[pri:0, instance:com.pluribus.vcf.test.InitialSetup@735b5592]" name="setupAfterSuite" is-config="true" duration-ms="0" started-at="2017-03-10T22:06:19Z" finished-at="2017-03-10T22:06:19Z">
          <exception class="java.lang.NullPointerException">
            <full-stacktrace>
              <![CDATA[java.lang.NullPointerException
	at com.pluribus.vcf.helper.TestSetup.setupAfterSuite(TestSetup.java:101)
	at sun.reflect.NativeMethodAccessorImpl.invoke0(Native Method)
	at sun.reflect.NativeMethodAccessorImpl.invoke(NativeMethodAccessorImpl.java:62)
	at sun.reflect.DelegatingMethodAccessorImpl.invoke(DelegatingMethodAccessorImpl.java:43)
	at java.lang.reflect.Method.invoke(Method.java:498)
	at org.testng.internal.MethodInvocationHelper.invokeMethod(MethodInvocationHelper.java:80)
	at org.testng.internal.Invoker.invokeConfigurationMethod(Invoker.java:564)
	at org.testng.internal.Invoker.invokeConfigurations(Invoker.java:213)
	at org.testng.internal.Invoker.invokeConfigurations(Invoker.java:138)
	at org.testng.internal.TestMethodWorker.invokeAfterClassMethods(TestMethodWorker.java:225)
	at org.testng.internal.TestMethodWorker.run(TestMethodWorker.java:114)
	at org.testng.TestRunner.privateRun(TestRunner.java:767)
	at org.testng.TestRunner.run(TestRunner.java:617)
	at org.testng.SuiteRunner.runTest(SuiteRunner.java:334)
	at org.testng.SuiteRunner.runSequentially(SuiteRunner.java:329)
	at org.testng.SuiteRunner.privateRun(SuiteRunner.java:291)
	at org.testng.SuiteRunner.run(SuiteRunner.java:240)
	at org.testng.SuiteRunnerWorker.runSuite(SuiteRunnerWorker.java:52)
	at org.testng.SuiteRunnerWorker.run(SuiteRunnerWorker.java:86)
	at org.testng.TestNG.runSuitesSequentially(TestNG.java:1198)
	at org.testng.TestNG.runSuitesLocally(TestNG.java:1123)
	at org.testng.TestNG.run(TestNG.java:1031)
	at org.apache.maven.surefire.testng.TestNGExecutor.run(TestNGExecutor.java:295)
	at org.apache.maven.surefire.testng.TestNGXmlTestSuite.execute(TestNGXmlTestSuite.java:84)
	at org.apache.maven.surefire.testng.TestNGProvider.invoke(TestNGProvider.java:90)
	at org.apache.maven.surefire.booter.ForkedBooter.invokeProviderInSameClassLoader(ForkedBooter.java:203)
	at org.apache.maven.surefire.booter.ForkedBooter.runSuitesInProcess(ForkedBooter.java:155)
	at org.apache.maven.surefire.booter.ForkedBooter.main(ForkedBooter.java:103)
]]>
            </full-stacktrace>
          </exception> <!-- java.lang.NullPointerException -->
          <reporter-output>
          </reporter-output>
        </test-method> <!-- setupAfterSuite -->
        <test-method status="SKIP" signature="addDataNode(java.lang.String)[pri:0, instance:com.pluribus.vcf.test.InitialSetup@735b5592]" name="addDataNode" duration-ms="0" started-at="2017-03-10T22:06:19Z" description="Add data node &amp; verify" depends-on-methods="com.pluribus.vcf.test.InitialSetup.authSeedSwitch" finished-at="2017-03-10T22:06:19Z">
          <reporter-output>
          </reporter-output>
        </test-method> <!-- addDataNode -->
        <test-method status="SKIP" signature="clickOnHome()[pri:0, instance:com.pluribus.vcf.test.InitialSetup@735b5592]" name="clickOnHome" duration-ms="0" started-at="2017-03-10T22:06:19Z" description="Logout of VCFC" depends-on-methods="com.pluribus.vcf.test.InitialSetup.addDataNode" finished-at="2017-03-10T22:06:19Z">
          <reporter-output>
          </reporter-output>
        </test-method> <!-- clickOnHome -->
      </class> <!-- com.pluribus.vcf.test.InitialSetup -->
      <class name="com.pluribus.vcf.test.IATest">
        <test-method status="SKIP" signature="startDriver(java.lang.String, java.lang.String, java.lang.String, java.lang.String)[pri:0, instance:com.pluribus.vcf.test.IATest@28feb3fa]" name="startDriver" is-config="true" duration-ms="0" started-at="2017-03-10T22:06:19Z" finished-at="2017-03-10T22:06:19Z">
          <reporter-output>
          </reporter-output>
        </test-method> <!-- startDriver -->
        <test-method status="SKIP" signature="init(java.lang.String, java.lang.String, java.lang.String)[pri:0, instance:com.pluribus.vcf.test.IATest@28feb3fa]" name="init" is-config="true" duration-ms="0" started-at="2017-03-10T22:06:19Z" finished-at="2017-03-10T22:06:19Z">
          <reporter-output>
          </reporter-output>
        </test-method> <!-- init -->
        <test-method status="SKIP" signature="addCollectorTest(java.lang.String)[pri:0, instance:com.pluribus.vcf.test.IATest@28feb3fa]" name="addCollectorTest" duration-ms="0" started-at="2017-03-10T22:06:19Z" description="Add collector in IA Page" depends-on-methods="com.pluribus.vcf.test.IATest.logintoIA" finished-at="2017-03-10T22:06:19Z">
          <reporter-output>
          </reporter-output>
        </test-method> <!-- addCollectorTest -->
        <test-method status="SKIP" signature="logintoIA(java.lang.String)[pri:0, instance:com.pluribus.vcf.test.IATest@28feb3fa]" name="logintoIA" duration-ms="0" started-at="2017-03-10T22:06:19Z" finished-at="2017-03-10T22:06:19Z">
          <params>
            <param index="0">
              <value>
                <![CDATA[test123]]>
              </value>
            </param>
          </params>
          <reporter-output>
          </reporter-output>
        </test-method> <!-- logintoIA -->
        <test-method status="SKIP" signature="logout()[pri:0, instance:com.pluribus.vcf.test.IATest@28feb3fa]" name="logout" duration-ms="0" started-at="2017-03-10T22:06:19Z" description="Logout of VCFC" depends-on-methods="com.pluribus.vcf.test.IATest.simpleTrafficTest" finished-at="2017-03-10T22:06:19Z">
          <reporter-output>
          </reporter-output>
        </test-method> <!-- logout -->
        <test-method status="FAIL" signature="setupAfterSuite()[pri:0, instance:com.pluribus.vcf.test.IATest@28feb3fa]" name="setupAfterSuite" is-config="true" duration-ms="0" started-at="2017-03-10T22:06:19Z" finished-at="2017-03-10T22:06:19Z">
          <exception class="java.lang.NullPointerException">
            <full-stacktrace>
              <![CDATA[java.lang.NullPointerException
	at com.pluribus.vcf.helper.TestSetup.setupAfterSuite(TestSetup.java:101)
	at sun.reflect.NativeMethodAccessorImpl.invoke0(Native Method)
	at sun.reflect.NativeMethodAccessorImpl.invoke(NativeMethodAccessorImpl.java:62)
	at sun.reflect.DelegatingMethodAccessorImpl.invoke(DelegatingMethodAccessorImpl.java:43)
	at java.lang.reflect.Method.invoke(Method.java:498)
	at org.testng.internal.MethodInvocationHelper.invokeMethod(MethodInvocationHelper.java:80)
	at org.testng.internal.Invoker.invokeConfigurationMethod(Invoker.java:564)
	at org.testng.internal.Invoker.invokeConfigurations(Invoker.java:213)
	at org.testng.internal.Invoker.invokeConfigurations(Invoker.java:138)
	at org.testng.internal.TestMethodWorker.invokeAfterClassMethods(TestMethodWorker.java:225)
	at org.testng.internal.TestMethodWorker.run(TestMethodWorker.java:114)
	at org.testng.TestRunner.privateRun(TestRunner.java:767)
	at org.testng.TestRunner.run(TestRunner.java:617)
	at org.testng.SuiteRunner.runTest(SuiteRunner.java:334)
	at org.testng.SuiteRunner.runSequentially(SuiteRunner.java:329)
	at org.testng.SuiteRunner.privateRun(SuiteRunner.java:291)
	at org.testng.SuiteRunner.run(SuiteRunner.java:240)
	at org.testng.SuiteRunnerWorker.runSuite(SuiteRunnerWorker.java:52)
	at org.testng.SuiteRunnerWorker.run(SuiteRunnerWorker.java:86)
	at org.testng.TestNG.runSuitesSequentially(TestNG.java:1198)
	at org.testng.TestNG.runSuitesLocally(TestNG.java:1123)
	at org.testng.TestNG.run(TestNG.java:1031)
	at org.apache.maven.surefire.testng.TestNGExecutor.run(TestNGExecutor.java:295)
	at org.apache.maven.surefire.testng.TestNGXmlTestSuite.execute(TestNGXmlTestSuite.java:84)
	at org.apache.maven.surefire.testng.TestNGProvider.invoke(TestNGProvider.java:90)
	at org.apache.maven.surefire.booter.ForkedBooter.invokeProviderInSameClassLoader(ForkedBooter.java:203)
	at org.apache.maven.surefire.booter.ForkedBooter.runSuitesInProcess(ForkedBooter.java:155)
	at org.apache.maven.surefire.booter.ForkedBooter.main(ForkedBooter.java:103)
]]>
            </full-stacktrace>
          </exception> <!-- java.lang.NullPointerException -->
          <reporter-output>
          </reporter-output>
        </test-method> <!-- setupAfterSuite -->
        <test-method status="SKIP" signature="simpleTrafficTest(java.lang.String, java.lang.String, int, int)[pri:0, instance:com.pluribus.vcf.test.IATest@28feb3fa]" name="simpleTrafficTest" duration-ms="0" started-at="2017-03-10T22:06:19Z" description="Send traffic and verify stats" depends-on-methods="com.pluribus.vcf.test.IATest.addCollectorTest" finished-at="2017-03-10T22:06:19Z">
          <reporter-output>
          </reporter-output>
        </test-method> <!-- simpleTrafficTest -->
      </class> <!-- com.pluribus.vcf.test.IATest -->
    </test> <!-- Test -->
  </suite> <!-- Suite -->
</testng-results>
