<?xml version="1.0" encoding="UTF-8"?>
<!-- Generated by org.testng.reporters.JUnitReportReporter -->
<testsuite hostname="pranga-0000039.attlocal.net" name="com.pluribus.vcf.test.IATest" tests="4" failures="2" timestamp="14 Mar 2017 05:48:01 GMT" time="149.447" errors="0">
  <testcase name="addCollectorTest" time="0.831" classname="com.pluribus.vcf.test.IATest"/>
  <testcase name="logout" time="0.000" classname="com.pluribus.vcf.test.IATest"/>
  <testcase name="logintoIA" time="4.756" classname="com.pluribus.vcf.test.IATest"/>
  <testcase name="simpleTrafficTest" time="143.860" classname="com.pluribus.vcf.test.IATest">
    <failure type="org.openqa.selenium.TimeoutException" message="Timed out after 100 seconds waiting for visibility of [[RemoteWebDriver: firefox on WINDOWS (6d761361a0cdfb4cf0edd58069891e85b54c8022)] -&gt; css selector: div.metric-value.ng-binding]
Build info: version: &#039;2.45.0&#039;, revision: &#039;5017cb8e7ca8e37638dc3091b2440b90a1d8686f&#039;, time: &#039;2015-02-27 09:10:26&#039;
System info: host: &#039;pranga-0000039.attlocal.net&#039;, ip: &#039;192.168.1.207&#039;, os.name: &#039;Mac OS X&#039;, os.arch: &#039;x86_64&#039;, os.version: &#039;10.12.3&#039;, java.version: &#039;1.8.0_121&#039;
Driver info: org.openqa.selenium.remote.RemoteWebDriver
Capabilities [{applicationCacheEnabled=false, rotatable=false, handlesAlerts=true, databaseEnabled=true, version=47.0.1, platform=WINDOWS, nativeEvents=false, acceptSslCerts=true, webdriver.remote.sessionid=6d761361a0cdfb4cf0edd58069891e85b54c8022, webStorageEnabled=true, locationContextEnabled=true, browserName=firefox, takesScreenshot=true, javascriptEnabled=true, cssSelectorsEnabled=true}]
Session ID: 6d761361a0cdfb4cf0edd58069891e85b54c8022">
      <![CDATA[org.openqa.selenium.TimeoutException: Timed out after 100 seconds waiting for visibility of [[RemoteWebDriver: firefox on WINDOWS (6d761361a0cdfb4cf0edd58069891e85b54c8022)] -> css selector: div.metric-value.ng-binding]
Build info: version: '2.45.0', revision: '5017cb8e7ca8e37638dc3091b2440b90a1d8686f', time: '2015-02-27 09:10:26'
System info: host: 'pranga-0000039.attlocal.net', ip: '192.168.1.207', os.name: 'Mac OS X', os.arch: 'x86_64', os.version: '10.12.3', java.version: '1.8.0_121'
Driver info: org.openqa.selenium.remote.RemoteWebDriver
Capabilities [{applicationCacheEnabled=false, rotatable=false, handlesAlerts=true, databaseEnabled=true, version=47.0.1, platform=WINDOWS, nativeEvents=false, acceptSslCerts=true, webdriver.remote.sessionid=6d761361a0cdfb4cf0edd58069891e85b54c8022, webStorageEnabled=true, locationContextEnabled=true, browserName=firefox, takesScreenshot=true, javascriptEnabled=true, cssSelectorsEnabled=true}]
Session ID: 6d761361a0cdfb4cf0edd58069891e85b54c8022
	at org.openqa.selenium.support.ui.WebDriverWait.timeoutException(WebDriverWait.java:79)
	at org.openqa.selenium.support.ui.FluentWait.until(FluentWait.java:228)
	at com.pluribus.vcf.helper.PageInfra.waitForElementVisibility(PageInfra.java:92)
	at com.pluribus.vcf.pagefactory.VCFIaIndexPage.getInsightCount(VCFIaIndexPage.java:94)
	at com.pluribus.vcf.pagefactory.VCFIaIndexPage.getConnectionCount(VCFIaIndexPage.java:101)
	at com.pluribus.vcf.test.IATest.verifyVCFCount(IATest.java:102)
	at com.pluribus.vcf.test.IATest.simpleTrafficTest(IATest.java:70)
	at sun.reflect.NativeMethodAccessorImpl.invoke0(Native Method)
	at sun.reflect.NativeMethodAccessorImpl.invoke(NativeMethodAccessorImpl.java:62)
	at sun.reflect.DelegatingMethodAccessorImpl.invoke(DelegatingMethodAccessorImpl.java:43)
	at java.lang.reflect.Method.invoke(Method.java:498)
	at org.testng.internal.MethodInvocationHelper.invokeMethod(MethodInvocationHelper.java:80)
	at org.testng.internal.Invoker.invokeMethod(Invoker.java:714)
	at org.testng.internal.Invoker.invokeTestMethod(Invoker.java:901)
	at org.testng.internal.Invoker.invokeTestMethods(Invoker.java:1231)
	at org.testng.internal.TestMethodWorker.invokeTestMethods(TestMethodWorker.java:127)
	at org.testng.internal.TestMethodWorker.run(TestMethodWorker.java:111)
	at org.testng.TestRunner.privateRun(TestRunner.java:767)
	at org.testng.TestRunner.run(TestRunner.java:617)
	at org.testng.SuiteRunner.runTest(SuiteRunner.java:334)
	at org.testng.SuiteRunner.runSequentially(SuiteRunner.java:329)
	at org.testng.SuiteRunner.privateRun(SuiteRunner.java:291)
	at org.testng.SuiteRunner.run(SuiteRunner.java:240)
	at org.testng.SuiteRunnerWorker.runSuite(SuiteRunnerWorker.java:52)
	at org.testng.SuiteRunnerWorker.run(SuiteRunnerWorker.java:86)
	at org.testng.TestNG.runSuitesSequentially(TestNG.java:1198)
	at org.testng.TestNG.runSuitesLocally(TestNG.java:1123)
	at org.testng.TestNG.run(TestNG.java:1031)
	at org.apache.maven.surefire.testng.TestNGExecutor.run(TestNGExecutor.java:295)
	at org.apache.maven.surefire.testng.TestNGXmlTestSuite.execute(TestNGXmlTestSuite.java:84)
	at org.apache.maven.surefire.testng.TestNGProvider.invoke(TestNGProvider.java:90)
	at org.apache.maven.surefire.booter.ForkedBooter.invokeProviderInSameClassLoader(ForkedBooter.java:203)
	at org.apache.maven.surefire.booter.ForkedBooter.runSuitesInProcess(ForkedBooter.java:155)
	at org.apache.maven.surefire.booter.ForkedBooter.main(ForkedBooter.java:103)
]]>
    </failure>
  </testcase> <!-- simpleTrafficTest -->
</testsuite> <!-- com.pluribus.vcf.test.IATest -->
